<html>
<head>
<title>TestNG:  org.opends.sdk.schema.SchemaUtilsTest</title>
<link href="../testng.css" rel="stylesheet" type="text/css" />
<link href="../my-testng.css" rel="stylesheet" type="text/css" />

<style type="text/css">
.log { display: none;} 
.stack-trace { display: none;} 
</style>
<script type="text/javascript">
<!--
function flip(e) {
  current = e.style.display;
  if (current == 'block') {
    e.style.display = 'none';
    return 0;
  }
  else {
    e.style.display = 'block';
    return 1;
  }
}

function toggleBox(szDivId, elem, msg1, msg2)
{
  var res = -1;  if (document.getElementById) {
    res = flip(document.getElementById(szDivId));
  }
  else if (document.all) {
    // this is the way old msie versions work
    res = flip(document.all[szDivId]);
  }
  if(elem) {
    if(res == 0) elem.innerHTML = msg1; else elem.innerHTML = msg2;
  }

}

function toggleAllBoxes() {
  if (document.getElementsByTagName) {
    d = document.getElementsByTagName('div');
    for (i = 0; i < d.length; i++) {
      if (d[i].className == 'log') {
        flip(d[i]);
      }
    }
  }
}

// -->
</script>

</head>
<body>
<h2 align='center'>org.opends.sdk.schema.SchemaUtilsTest</h2><table border='1' align="center">
<tr>
<td>Tests passed/Failed/Skipped:</td><td>71/0/0</td>
</tr><tr>
<td>Started on:</td><td>Fri Jan 08 18:59:18 CET 2010</td>
</tr>
<tr><td>Total time:</td><td>0 seconds (394 ms)</td>
</tr><tr>
<td>Included groups:</td><td></td>
</tr><tr>
<td>Excluded groups:</td><td></td>
</tr>
</table><p/>
<small><i>(Hover the method name to see the test class name)</i></small><p/>
<table width='100%' border='1' class='invocation-passed'>
<tr><td colspan='3' align='center'><b>PASSED TESTS</b></td></tr>
<tr><td><b>Test method</b></td>
<td width="10%"><b>Time (seconds)</b></td>
<td width="30%"><b>Exception</b></td>
</tr>
<tr>
<td title='org.opends.sdk.schema.SchemaUtilsTest.testReadOIDInvalid()'>testReadOIDInvalid<br/><b>Parameters:</b> </td>
<td>0</td>
<td><div><pre>org.opends.sdk.DecodeException: The provided value could not be parsed as a valid OID because it did not contain any characters
	at org.opends.sdk.DecodeException.error(DecodeException.java:95)
	at org.opends.sdk.schema.SchemaUtils.readOID(SchemaUtils.java:338)
	at org.opends.sdk.schema.SchemaUtilsTest.testReadOIDInvalid(SchemaUtilsTest.java:114)
... Removed 22 stack frames</pre></div><a href='#' onClick='toggleBox("stack-trace28606871", this, "Click to show all stack frames", "Click to hide stack frames")'>Click to show all stack frames</a>
<div class='stack-trace' id='stack-trace28606871'><pre>org.opends.sdk.DecodeException: The provided value could not be parsed as a valid OID because it did not contain any characters
	at org.opends.sdk.DecodeException.error(DecodeException.java:95)
	at org.opends.sdk.schema.SchemaUtils.readOID(SchemaUtils.java:338)
	at org.opends.sdk.schema.SchemaUtilsTest.testReadOIDInvalid(SchemaUtilsTest.java:114)
	at sun.reflect.NativeMethodAccessorImpl.invoke0(Native Method)
	at sun.reflect.NativeMethodAccessorImpl.invoke(NativeMethodAccessorImpl.java:39)
	at sun.reflect.DelegatingMethodAccessorImpl.invoke(DelegatingMethodAccessorImpl.java:25)
	at java.lang.reflect.Method.invoke(Method.java:597)
	at org.testng.internal.MethodHelper.invokeMethod(MethodHelper.java:607)
	at org.testng.internal.Invoker.invokeMethod(Invoker.java:517)
	at org.testng.internal.Invoker.invokeTestMethod(Invoker.java:669)
	at org.testng.internal.Invoker.invokeTestMethods(Invoker.java:956)
	at org.testng.internal.TestMethodWorker.invokeTestMethods(TestMethodWorker.java:126)
	at org.testng.internal.TestMethodWorker.run(TestMethodWorker.java:110)
	at org.testng.TestRunner.runWorkers(TestRunner.java:759)
	at org.testng.TestRunner.privateRun(TestRunner.java:592)
	at org.testng.TestRunner.run(TestRunner.java:486)
	at org.testng.SuiteRunner.runTest(SuiteRunner.java:332)
	at org.testng.SuiteRunner.runSequentially(SuiteRunner.java:327)
	at org.testng.SuiteRunner.privateRun(SuiteRunner.java:299)
	at org.testng.SuiteRunner.run(SuiteRunner.java:204)
	at org.testng.TestNG.createAndRunSuiteRunners(TestNG.java:877)
	at org.testng.TestNG.runSuitesLocally(TestNG.java:842)
	at org.testng.TestNG.run(TestNG.java:751)
	at org.testng.remote.RemoteTestNG.run(RemoteTestNG.java:73)
	at org.testng.remote.RemoteTestNG.main(RemoteTestNG.java:124)
</pre></div></td>
</tr>
<tr>
<td title='org.opends.sdk.schema.SchemaUtilsTest.testReadOIDInvalid()'>testReadOIDInvalid<br/><b>Parameters:</b> .0</td>
<td>0</td>
<td><div><pre>org.opends.sdk.DecodeException: Non-numeric OID contained an illegal character . at position 0
	at org.opends.sdk.DecodeException.error(DecodeException.java:95)
	at org.opends.sdk.schema.SchemaUtils.readOID(SchemaUtils.java:323)
	at org.opends.sdk.schema.SchemaUtilsTest.testReadOIDInvalid(SchemaUtilsTest.java:114)
... Removed 22 stack frames</pre></div><a href='#' onClick='toggleBox("stack-trace15136722", this, "Click to show all stack frames", "Click to hide stack frames")'>Click to show all stack frames</a>
<div class='stack-trace' id='stack-trace15136722'><pre>org.opends.sdk.DecodeException: Non-numeric OID contained an illegal character . at position 0
	at org.opends.sdk.DecodeException.error(DecodeException.java:95)
	at org.opends.sdk.schema.SchemaUtils.readOID(SchemaUtils.java:323)
	at org.opends.sdk.schema.SchemaUtilsTest.testReadOIDInvalid(SchemaUtilsTest.java:114)
	at sun.reflect.NativeMethodAccessorImpl.invoke0(Native Method)
	at sun.reflect.NativeMethodAccessorImpl.invoke(NativeMethodAccessorImpl.java:39)
	at sun.reflect.DelegatingMethodAccessorImpl.invoke(DelegatingMethodAccessorImpl.java:25)
	at java.lang.reflect.Method.invoke(Method.java:597)
	at org.testng.internal.MethodHelper.invokeMethod(MethodHelper.java:607)
	at org.testng.internal.Invoker.invokeMethod(Invoker.java:517)
	at org.testng.internal.Invoker.invokeTestMethod(Invoker.java:669)
	at org.testng.internal.Invoker.invokeTestMethods(Invoker.java:956)
	at org.testng.internal.TestMethodWorker.invokeTestMethods(TestMethodWorker.java:126)
	at org.testng.internal.TestMethodWorker.run(TestMethodWorker.java:110)
	at org.testng.TestRunner.runWorkers(TestRunner.java:759)
	at org.testng.TestRunner.privateRun(TestRunner.java:592)
	at org.testng.TestRunner.run(TestRunner.java:486)
	at org.testng.SuiteRunner.runTest(SuiteRunner.java:332)
	at org.testng.SuiteRunner.runSequentially(SuiteRunner.java:327)
	at org.testng.SuiteRunner.privateRun(SuiteRunner.java:299)
	at org.testng.SuiteRunner.run(SuiteRunner.java:204)
	at org.testng.TestNG.createAndRunSuiteRunners(TestNG.java:877)
	at org.testng.TestNG.runSuitesLocally(TestNG.java:842)
	at org.testng.TestNG.run(TestNG.java:751)
	at org.testng.remote.RemoteTestNG.run(RemoteTestNG.java:73)
	at org.testng.remote.RemoteTestNG.main(RemoteTestNG.java:124)
</pre></div></td>
</tr>
<tr>
<td title='org.opends.sdk.schema.SchemaUtilsTest.testReadOIDInvalid()'>testReadOIDInvalid<br/><b>Parameters:</b> 0.</td>
<td>0</td>
<td><div><pre>org.opends.sdk.DecodeException: The provided value "0." could not be parsed as a valid OID because it ends with a period
	at org.opends.sdk.DecodeException.error(DecodeException.java:95)
	at org.opends.sdk.schema.SchemaUtils.readOID(SchemaUtils.java:288)
	at org.opends.sdk.schema.SchemaUtilsTest.testReadOIDInvalid(SchemaUtilsTest.java:114)
... Removed 22 stack frames</pre></div><a href='#' onClick='toggleBox("stack-trace26752749", this, "Click to show all stack frames", "Click to hide stack frames")'>Click to show all stack frames</a>
<div class='stack-trace' id='stack-trace26752749'><pre>org.opends.sdk.DecodeException: The provided value "0." could not be parsed as a valid OID because it ends with a period
	at org.opends.sdk.DecodeException.error(DecodeException.java:95)
	at org.opends.sdk.schema.SchemaUtils.readOID(SchemaUtils.java:288)
	at org.opends.sdk.schema.SchemaUtilsTest.testReadOIDInvalid(SchemaUtilsTest.java:114)
	at sun.reflect.NativeMethodAccessorImpl.invoke0(Native Method)
	at sun.reflect.NativeMethodAccessorImpl.invoke(NativeMethodAccessorImpl.java:39)
	at sun.reflect.DelegatingMethodAccessorImpl.invoke(DelegatingMethodAccessorImpl.java:25)
	at java.lang.reflect.Method.invoke(Method.java:597)
	at org.testng.internal.MethodHelper.invokeMethod(MethodHelper.java:607)
	at org.testng.internal.Invoker.invokeMethod(Invoker.java:517)
	at org.testng.internal.Invoker.invokeTestMethod(Invoker.java:669)
	at org.testng.internal.Invoker.invokeTestMethods(Invoker.java:956)
	at org.testng.internal.TestMethodWorker.invokeTestMethods(TestMethodWorker.java:126)
	at org.testng.internal.TestMethodWorker.run(TestMethodWorker.java:110)
	at org.testng.TestRunner.runWorkers(TestRunner.java:759)
	at org.testng.TestRunner.privateRun(TestRunner.java:592)
	at org.testng.TestRunner.run(TestRunner.java:486)
	at org.testng.SuiteRunner.runTest(SuiteRunner.java:332)
	at org.testng.SuiteRunner.runSequentially(SuiteRunner.java:327)
	at org.testng.SuiteRunner.privateRun(SuiteRunner.java:299)
	at org.testng.SuiteRunner.run(SuiteRunner.java:204)
	at org.testng.TestNG.createAndRunSuiteRunners(TestNG.java:877)
	at org.testng.TestNG.runSuitesLocally(TestNG.java:842)
	at org.testng.TestNG.run(TestNG.java:751)
	at org.testng.remote.RemoteTestNG.run(RemoteTestNG.java:73)
	at org.testng.remote.RemoteTestNG.main(RemoteTestNG.java:124)
</pre></div></td>
</tr>
<tr>
<td title='org.opends.sdk.schema.SchemaUtilsTest.testReadOIDInvalid()'>testReadOIDInvalid<br/><b>Parameters:</b> 100.</td>
<td>0</td>
<td><div><pre>org.opends.sdk.DecodeException: The provided value "100." could not be parsed as a valid OID because it ends with a period
	at org.opends.sdk.DecodeException.error(DecodeException.java:95)
	at org.opends.sdk.schema.SchemaUtils.readOID(SchemaUtils.java:288)
	at org.opends.sdk.schema.SchemaUtilsTest.testReadOIDInvalid(SchemaUtilsTest.java:114)
... Removed 22 stack frames</pre></div><a href='#' onClick='toggleBox("stack-trace4067003", this, "Click to show all stack frames", "Click to hide stack frames")'>Click to show all stack frames</a>
<div class='stack-trace' id='stack-trace4067003'><pre>org.opends.sdk.DecodeException: The provided value "100." could not be parsed as a valid OID because it ends with a period
	at org.opends.sdk.DecodeException.error(DecodeException.java:95)
	at org.opends.sdk.schema.SchemaUtils.readOID(SchemaUtils.java:288)
	at org.opends.sdk.schema.SchemaUtilsTest.testReadOIDInvalid(SchemaUtilsTest.java:114)
	at sun.reflect.NativeMethodAccessorImpl.invoke0(Native Method)
	at sun.reflect.NativeMethodAccessorImpl.invoke(NativeMethodAccessorImpl.java:39)
	at sun.reflect.DelegatingMethodAccessorImpl.invoke(DelegatingMethodAccessorImpl.java:25)
	at java.lang.reflect.Method.invoke(Method.java:597)
	at org.testng.internal.MethodHelper.invokeMethod(MethodHelper.java:607)
	at org.testng.internal.Invoker.invokeMethod(Invoker.java:517)
	at org.testng.internal.Invoker.invokeTestMethod(Invoker.java:669)
	at org.testng.internal.Invoker.invokeTestMethods(Invoker.java:956)
	at org.testng.internal.TestMethodWorker.invokeTestMethods(TestMethodWorker.java:126)
	at org.testng.internal.TestMethodWorker.run(TestMethodWorker.java:110)
	at org.testng.TestRunner.runWorkers(TestRunner.java:759)
	at org.testng.TestRunner.privateRun(TestRunner.java:592)
	at org.testng.TestRunner.run(TestRunner.java:486)
	at org.testng.SuiteRunner.runTest(SuiteRunner.java:332)
	at org.testng.SuiteRunner.runSequentially(SuiteRunner.java:327)
	at org.testng.SuiteRunner.privateRun(SuiteRunner.java:299)
	at org.testng.SuiteRunner.run(SuiteRunner.java:204)
	at org.testng.TestNG.createAndRunSuiteRunners(TestNG.java:877)
	at org.testng.TestNG.runSuitesLocally(TestNG.java:842)
	at org.testng.TestNG.run(TestNG.java:751)
	at org.testng.remote.RemoteTestNG.run(RemoteTestNG.java:73)
	at org.testng.remote.RemoteTestNG.main(RemoteTestNG.java:124)
</pre></div></td>
</tr>
<tr>
<td title='org.opends.sdk.schema.SchemaUtilsTest.testReadOIDInvalid()'>testReadOIDInvalid<br/><b>Parameters:</b> .999</td>
<td>0</td>
<td><div><pre>org.opends.sdk.DecodeException: Non-numeric OID contained an illegal character . at position 0
	at org.opends.sdk.DecodeException.error(DecodeException.java:95)
	at org.opends.sdk.schema.SchemaUtils.readOID(SchemaUtils.java:323)
	at org.opends.sdk.schema.SchemaUtilsTest.testReadOIDInvalid(SchemaUtilsTest.java:114)
... Removed 22 stack frames</pre></div><a href='#' onClick='toggleBox("stack-trace3753023", this, "Click to show all stack frames", "Click to hide stack frames")'>Click to show all stack frames</a>
<div class='stack-trace' id='stack-trace3753023'><pre>org.opends.sdk.DecodeException: Non-numeric OID contained an illegal character . at position 0
	at org.opends.sdk.DecodeException.error(DecodeException.java:95)
	at org.opends.sdk.schema.SchemaUtils.readOID(SchemaUtils.java:323)
	at org.opends.sdk.schema.SchemaUtilsTest.testReadOIDInvalid(SchemaUtilsTest.java:114)
	at sun.reflect.NativeMethodAccessorImpl.invoke0(Native Method)
	at sun.reflect.NativeMethodAccessorImpl.invoke(NativeMethodAccessorImpl.java:39)
	at sun.reflect.DelegatingMethodAccessorImpl.invoke(DelegatingMethodAccessorImpl.java:25)
	at java.lang.reflect.Method.invoke(Method.java:597)
	at org.testng.internal.MethodHelper.invokeMethod(MethodHelper.java:607)
	at org.testng.internal.Invoker.invokeMethod(Invoker.java:517)
	at org.testng.internal.Invoker.invokeTestMethod(Invoker.java:669)
	at org.testng.internal.Invoker.invokeTestMethods(Invoker.java:956)
	at org.testng.internal.TestMethodWorker.invokeTestMethods(TestMethodWorker.java:126)
	at org.testng.internal.TestMethodWorker.run(TestMethodWorker.java:110)
	at org.testng.TestRunner.runWorkers(TestRunner.java:759)
	at org.testng.TestRunner.privateRun(TestRunner.java:592)
	at org.testng.TestRunner.run(TestRunner.java:486)
	at org.testng.SuiteRunner.runTest(SuiteRunner.java:332)
	at org.testng.SuiteRunner.runSequentially(SuiteRunner.java:327)
	at org.testng.SuiteRunner.privateRun(SuiteRunner.java:299)
	at org.testng.SuiteRunner.run(SuiteRunner.java:204)
	at org.testng.TestNG.createAndRunSuiteRunners(TestNG.java:877)
	at org.testng.TestNG.runSuitesLocally(TestNG.java:842)
	at org.testng.TestNG.run(TestNG.java:751)
	at org.testng.remote.RemoteTestNG.run(RemoteTestNG.java:73)
	at org.testng.remote.RemoteTestNG.main(RemoteTestNG.java:124)
</pre></div></td>
</tr>
<tr>
<td title='org.opends.sdk.schema.SchemaUtilsTest.testReadOIDInvalid()'>testReadOIDInvalid<br/><b>Parameters:</b> 1one</td>
<td>0</td>
<td><div><pre>org.opends.sdk.DecodeException: The provided value "1one" could not be parsed as a valid OID because it had an illegal character at position 1
	at org.opends.sdk.DecodeException.error(DecodeException.java:95)
	at org.opends.sdk.schema.SchemaUtils.readOID(SchemaUtils.java:274)
	at org.opends.sdk.schema.SchemaUtilsTest.testReadOIDInvalid(SchemaUtilsTest.java:114)
... Removed 22 stack frames</pre></div><a href='#' onClick='toggleBox("stack-trace28290629", this, "Click to show all stack frames", "Click to hide stack frames")'>Click to show all stack frames</a>
<div class='stack-trace' id='stack-trace28290629'><pre>org.opends.sdk.DecodeException: The provided value "1one" could not be parsed as a valid OID because it had an illegal character at position 1
	at org.opends.sdk.DecodeException.error(DecodeException.java:95)
	at org.opends.sdk.schema.SchemaUtils.readOID(SchemaUtils.java:274)
	at org.opends.sdk.schema.SchemaUtilsTest.testReadOIDInvalid(SchemaUtilsTest.java:114)
	at sun.reflect.NativeMethodAccessorImpl.invoke0(Native Method)
	at sun.reflect.NativeMethodAccessorImpl.invoke(NativeMethodAccessorImpl.java:39)
	at sun.reflect.DelegatingMethodAccessorImpl.invoke(DelegatingMethodAccessorImpl.java:25)
	at java.lang.reflect.Method.invoke(Method.java:597)
	at org.testng.internal.MethodHelper.invokeMethod(MethodHelper.java:607)
	at org.testng.internal.Invoker.invokeMethod(Invoker.java:517)
	at org.testng.internal.Invoker.invokeTestMethod(Invoker.java:669)
	at org.testng.internal.Invoker.invokeTestMethods(Invoker.java:956)
	at org.testng.internal.TestMethodWorker.invokeTestMethods(TestMethodWorker.java:126)
	at org.testng.internal.TestMethodWorker.run(TestMethodWorker.java:110)
	at org.testng.TestRunner.runWorkers(TestRunner.java:759)
	at org.testng.TestRunner.privateRun(TestRunner.java:592)
	at org.testng.TestRunner.run(TestRunner.java:486)
	at org.testng.SuiteRunner.runTest(SuiteRunner.java:332)
	at org.testng.SuiteRunner.runSequentially(SuiteRunner.java:327)
	at org.testng.SuiteRunner.privateRun(SuiteRunner.java:299)
	at org.testng.SuiteRunner.run(SuiteRunner.java:204)
	at org.testng.TestNG.createAndRunSuiteRunners(TestNG.java:877)
	at org.testng.TestNG.runSuitesLocally(TestNG.java:842)
	at org.testng.TestNG.run(TestNG.java:751)
	at org.testng.remote.RemoteTestNG.run(RemoteTestNG.java:73)
	at org.testng.remote.RemoteTestNG.main(RemoteTestNG.java:124)
</pre></div></td>
</tr>
<tr>
<td title='org.opends.sdk.schema.SchemaUtilsTest.testReadOIDInvalid()'>testReadOIDInvalid<br/><b>Parameters:</b> one+two+three</td>
<td>0</td>
<td><div><pre>org.opends.sdk.DecodeException: Non-numeric OID contained an illegal character + at position 3
	at org.opends.sdk.DecodeException.error(DecodeException.java:95)
	at org.opends.sdk.schema.SchemaUtils.readOID(SchemaUtils.java:313)
	at org.opends.sdk.schema.SchemaUtilsTest.testReadOIDInvalid(SchemaUtilsTest.java:114)
... Removed 22 stack frames</pre></div><a href='#' onClick='toggleBox("stack-trace14306161", this, "Click to show all stack frames", "Click to hide stack frames")'>Click to show all stack frames</a>
<div class='stack-trace' id='stack-trace14306161'><pre>org.opends.sdk.DecodeException: Non-numeric OID contained an illegal character + at position 3
	at org.opends.sdk.DecodeException.error(DecodeException.java:95)
	at org.opends.sdk.schema.SchemaUtils.readOID(SchemaUtils.java:313)
	at org.opends.sdk.schema.SchemaUtilsTest.testReadOIDInvalid(SchemaUtilsTest.java:114)
	at sun.reflect.NativeMethodAccessorImpl.invoke0(Native Method)
	at sun.reflect.NativeMethodAccessorImpl.invoke(NativeMethodAccessorImpl.java:39)
	at sun.reflect.DelegatingMethodAccessorImpl.invoke(DelegatingMethodAccessorImpl.java:25)
	at java.lang.reflect.Method.invoke(Method.java:597)
	at org.testng.internal.MethodHelper.invokeMethod(MethodHelper.java:607)
	at org.testng.internal.Invoker.invokeMethod(Invoker.java:517)
	at org.testng.internal.Invoker.invokeTestMethod(Invoker.java:669)
	at org.testng.internal.Invoker.invokeTestMethods(Invoker.java:956)
	at org.testng.internal.TestMethodWorker.invokeTestMethods(TestMethodWorker.java:126)
	at org.testng.internal.TestMethodWorker.run(TestMethodWorker.java:110)
	at org.testng.TestRunner.runWorkers(TestRunner.java:759)
	at org.testng.TestRunner.privateRun(TestRunner.java:592)
	at org.testng.TestRunner.run(TestRunner.java:486)
	at org.testng.SuiteRunner.runTest(SuiteRunner.java:332)
	at org.testng.SuiteRunner.runSequentially(SuiteRunner.java:327)
	at org.testng.SuiteRunner.privateRun(SuiteRunner.java:299)
	at org.testng.SuiteRunner.run(SuiteRunner.java:204)
	at org.testng.TestNG.createAndRunSuiteRunners(TestNG.java:877)
	at org.testng.TestNG.runSuitesLocally(TestNG.java:842)
	at org.testng.TestNG.run(TestNG.java:751)
	at org.testng.remote.RemoteTestNG.run(RemoteTestNG.java:73)
	at org.testng.remote.RemoteTestNG.main(RemoteTestNG.java:124)
</pre></div></td>
</tr>
<tr>
<td title='org.opends.sdk.schema.SchemaUtilsTest.testReadOIDInvalid()'>testReadOIDInvalid<br/><b>Parameters:</b> '0</td>
<td>0</td>
<td><div><pre>org.opends.sdk.DecodeException: A single quote was expected at position 1 but the character 0 was found instead
	at org.opends.sdk.DecodeException.error(DecodeException.java:95)
	at org.opends.sdk.schema.SchemaUtils.readOID(SchemaUtils.java:330)
	at org.opends.sdk.schema.SchemaUtilsTest.testReadOIDInvalid(SchemaUtilsTest.java:114)
... Removed 22 stack frames</pre></div><a href='#' onClick='toggleBox("stack-trace26156414", this, "Click to show all stack frames", "Click to hide stack frames")'>Click to show all stack frames</a>
<div class='stack-trace' id='stack-trace26156414'><pre>org.opends.sdk.DecodeException: A single quote was expected at position 1 but the character 0 was found instead
	at org.opends.sdk.DecodeException.error(DecodeException.java:95)
	at org.opends.sdk.schema.SchemaUtils.readOID(SchemaUtils.java:330)
	at org.opends.sdk.schema.SchemaUtilsTest.testReadOIDInvalid(SchemaUtilsTest.java:114)
	at sun.reflect.NativeMethodAccessorImpl.invoke0(Native Method)
	at sun.reflect.NativeMethodAccessorImpl.invoke(NativeMethodAccessorImpl.java:39)
	at sun.reflect.DelegatingMethodAccessorImpl.invoke(DelegatingMethodAccessorImpl.java:25)
	at java.lang.reflect.Method.invoke(Method.java:597)
	at org.testng.internal.MethodHelper.invokeMethod(MethodHelper.java:607)
	at org.testng.internal.Invoker.invokeMethod(Invoker.java:517)
	at org.testng.internal.Invoker.invokeTestMethod(Invoker.java:669)
	at org.testng.internal.Invoker.invokeTestMethods(Invoker.java:956)
	at org.testng.internal.TestMethodWorker.invokeTestMethods(TestMethodWorker.java:126)
	at org.testng.internal.TestMethodWorker.run(TestMethodWorker.java:110)
	at org.testng.TestRunner.runWorkers(TestRunner.java:759)
	at org.testng.TestRunner.privateRun(TestRunner.java:592)
	at org.testng.TestRunner.run(TestRunner.java:486)
	at org.testng.SuiteRunner.runTest(SuiteRunner.java:332)
	at org.testng.SuiteRunner.runSequentially(SuiteRunner.java:327)
	at org.testng.SuiteRunner.privateRun(SuiteRunner.java:299)
	at org.testng.SuiteRunner.run(SuiteRunner.java:204)
	at org.testng.TestNG.createAndRunSuiteRunners(TestNG.java:877)
	at org.testng.TestNG.runSuitesLocally(TestNG.java:842)
	at org.testng.TestNG.run(TestNG.java:751)
	at org.testng.remote.RemoteTestNG.run(RemoteTestNG.java:73)
	at org.testng.remote.RemoteTestNG.main(RemoteTestNG.java:124)
</pre></div></td>
</tr>
<tr>
<td title='org.opends.sdk.schema.SchemaUtilsTest.testReadOIDInvalid()'>testReadOIDInvalid<br/><b>Parameters:</b> '10</td>
<td>0</td>
<td><div><pre>org.opends.sdk.DecodeException: A single quote was expected at position 2 but the character 0 was found instead
	at org.opends.sdk.DecodeException.error(DecodeException.java:95)
	at org.opends.sdk.schema.SchemaUtils.readOID(SchemaUtils.java:330)
	at org.opends.sdk.schema.SchemaUtilsTest.testReadOIDInvalid(SchemaUtilsTest.java:114)
... Removed 22 stack frames</pre></div><a href='#' onClick='toggleBox("stack-trace14247437", this, "Click to show all stack frames", "Click to hide stack frames")'>Click to show all stack frames</a>
<div class='stack-trace' id='stack-trace14247437'><pre>org.opends.sdk.DecodeException: A single quote was expected at position 2 but the character 0 was found instead
	at org.opends.sdk.DecodeException.error(DecodeException.java:95)
	at org.opends.sdk.schema.SchemaUtils.readOID(SchemaUtils.java:330)
	at org.opends.sdk.schema.SchemaUtilsTest.testReadOIDInvalid(SchemaUtilsTest.java:114)
	at sun.reflect.NativeMethodAccessorImpl.invoke0(Native Method)
	at sun.reflect.NativeMethodAccessorImpl.invoke(NativeMethodAccessorImpl.java:39)
	at sun.reflect.DelegatingMethodAccessorImpl.invoke(DelegatingMethodAccessorImpl.java:25)
	at java.lang.reflect.Method.invoke(Method.java:597)
	at org.testng.internal.MethodHelper.invokeMethod(MethodHelper.java:607)
	at org.testng.internal.Invoker.invokeMethod(Invoker.java:517)
	at org.testng.internal.Invoker.invokeTestMethod(Invoker.java:669)
	at org.testng.internal.Invoker.invokeTestMethods(Invoker.java:956)
	at org.testng.internal.TestMethodWorker.invokeTestMethods(TestMethodWorker.java:126)
	at org.testng.internal.TestMethodWorker.run(TestMethodWorker.java:110)
	at org.testng.TestRunner.runWorkers(TestRunner.java:759)
	at org.testng.TestRunner.privateRun(TestRunner.java:592)
	at org.testng.TestRunner.run(TestRunner.java:486)
	at org.testng.SuiteRunner.runTest(SuiteRunner.java:332)
	at org.testng.SuiteRunner.runSequentially(SuiteRunner.java:327)
	at org.testng.SuiteRunner.privateRun(SuiteRunner.java:299)
	at org.testng.SuiteRunner.run(SuiteRunner.java:204)
	at org.testng.TestNG.createAndRunSuiteRunners(TestNG.java:877)
	at org.testng.TestNG.runSuitesLocally(TestNG.java:842)
	at org.testng.TestNG.run(TestNG.java:751)
	at org.testng.remote.RemoteTestNG.run(RemoteTestNG.java:73)
	at org.testng.remote.RemoteTestNG.main(RemoteTestNG.java:124)
</pre></div></td>
</tr>
<tr>
<td title='org.opends.sdk.schema.SchemaUtilsTest.testReadOIDInvalid()'>testReadOIDInvalid<br/><b>Parameters:</b> 999'</td>
<td>0</td>
<td><div><pre>org.opends.sdk.DecodeException: The provided value "999'" could not be parsed as a valid OID because it had an illegal character at position 3
	at org.opends.sdk.DecodeException.error(DecodeException.java:95)
	at org.opends.sdk.schema.SchemaUtils.readOID(SchemaUtils.java:274)
	at org.opends.sdk.schema.SchemaUtilsTest.testReadOIDInvalid(SchemaUtilsTest.java:114)
... Removed 22 stack frames</pre></div><a href='#' onClick='toggleBox("stack-trace12258573", this, "Click to show all stack frames", "Click to hide stack frames")'>Click to show all stack frames</a>
<div class='stack-trace' id='stack-trace12258573'><pre>org.opends.sdk.DecodeException: The provided value "999'" could not be parsed as a valid OID because it had an illegal character at position 3
	at org.opends.sdk.DecodeException.error(DecodeException.java:95)
	at org.opends.sdk.schema.SchemaUtils.readOID(SchemaUtils.java:274)
	at org.opends.sdk.schema.SchemaUtilsTest.testReadOIDInvalid(SchemaUtilsTest.java:114)
	at sun.reflect.NativeMethodAccessorImpl.invoke0(Native Method)
	at sun.reflect.NativeMethodAccessorImpl.invoke(NativeMethodAccessorImpl.java:39)
	at sun.reflect.DelegatingMethodAccessorImpl.invoke(DelegatingMethodAccessorImpl.java:25)
	at java.lang.reflect.Method.invoke(Method.java:597)
	at org.testng.internal.MethodHelper.invokeMethod(MethodHelper.java:607)
	at org.testng.internal.Invoker.invokeMethod(Invoker.java:517)
	at org.testng.internal.Invoker.invokeTestMethod(Invoker.java:669)
	at org.testng.internal.Invoker.invokeTestMethods(Invoker.java:956)
	at org.testng.internal.TestMethodWorker.invokeTestMethods(TestMethodWorker.java:126)
	at org.testng.internal.TestMethodWorker.run(TestMethodWorker.java:110)
	at org.testng.TestRunner.runWorkers(TestRunner.java:759)
	at org.testng.TestRunner.privateRun(TestRunner.java:592)
	at org.testng.TestRunner.run(TestRunner.java:486)
	at org.testng.SuiteRunner.runTest(SuiteRunner.java:332)
	at org.testng.SuiteRunner.runSequentially(SuiteRunner.java:327)
	at org.testng.SuiteRunner.privateRun(SuiteRunner.java:299)
	at org.testng.SuiteRunner.run(SuiteRunner.java:204)
	at org.testng.TestNG.createAndRunSuiteRunners(TestNG.java:877)
	at org.testng.TestNG.runSuitesLocally(TestNG.java:842)
	at org.testng.TestNG.run(TestNG.java:751)
	at org.testng.remote.RemoteTestNG.run(RemoteTestNG.java:73)
	at org.testng.remote.RemoteTestNG.main(RemoteTestNG.java:124)
</pre></div></td>
</tr>
<tr>
<td title='org.opends.sdk.schema.SchemaUtilsTest.testReadOIDInvalid()'>testReadOIDInvalid<br/><b>Parameters:</b> 0.0'</td>
<td>0</td>
<td><div><pre>org.opends.sdk.DecodeException: The provided value "0.0'" could not be parsed as a valid OID because it had an illegal character at position 3
	at org.opends.sdk.DecodeException.error(DecodeException.java:95)
	at org.opends.sdk.schema.SchemaUtils.readOID(SchemaUtils.java:274)
	at org.opends.sdk.schema.SchemaUtilsTest.testReadOIDInvalid(SchemaUtilsTest.java:114)
... Removed 22 stack frames</pre></div><a href='#' onClick='toggleBox("stack-trace5629279", this, "Click to show all stack frames", "Click to hide stack frames")'>Click to show all stack frames</a>
<div class='stack-trace' id='stack-trace5629279'><pre>org.opends.sdk.DecodeException: The provided value "0.0'" could not be parsed as a valid OID because it had an illegal character at position 3
	at org.opends.sdk.DecodeException.error(DecodeException.java:95)
	at org.opends.sdk.schema.SchemaUtils.readOID(SchemaUtils.java:274)
	at org.opends.sdk.schema.SchemaUtilsTest.testReadOIDInvalid(SchemaUtilsTest.java:114)
	at sun.reflect.NativeMethodAccessorImpl.invoke0(Native Method)
	at sun.reflect.NativeMethodAccessorImpl.invoke(NativeMethodAccessorImpl.java:39)
	at sun.reflect.DelegatingMethodAccessorImpl.invoke(DelegatingMethodAccessorImpl.java:25)
	at java.lang.reflect.Method.invoke(Method.java:597)
	at org.testng.internal.MethodHelper.invokeMethod(MethodHelper.java:607)
	at org.testng.internal.Invoker.invokeMethod(Invoker.java:517)
	at org.testng.internal.Invoker.invokeTestMethod(Invoker.java:669)
	at org.testng.internal.Invoker.invokeTestMethods(Invoker.java:956)
	at org.testng.internal.TestMethodWorker.invokeTestMethods(TestMethodWorker.java:126)
	at org.testng.internal.TestMethodWorker.run(TestMethodWorker.java:110)
	at org.testng.TestRunner.runWorkers(TestRunner.java:759)
	at org.testng.TestRunner.privateRun(TestRunner.java:592)
	at org.testng.TestRunner.run(TestRunner.java:486)
	at org.testng.SuiteRunner.runTest(SuiteRunner.java:332)
	at org.testng.SuiteRunner.runSequentially(SuiteRunner.java:327)
	at org.testng.SuiteRunner.privateRun(SuiteRunner.java:299)
	at org.testng.SuiteRunner.run(SuiteRunner.java:204)
	at org.testng.TestNG.createAndRunSuiteRunners(TestNG.java:877)
	at org.testng.TestNG.runSuitesLocally(TestNG.java:842)
	at org.testng.TestNG.run(TestNG.java:751)
	at org.testng.remote.RemoteTestNG.run(RemoteTestNG.java:73)
	at org.testng.remote.RemoteTestNG.main(RemoteTestNG.java:124)
</pre></div></td>
</tr>
<tr>
<td title='org.opends.sdk.schema.SchemaUtilsTest.testReadOIDValid()'>testReadOIDValid<br/><b>Parameters:</b> 0.0</td>
<td>0</td>
<td></td>
</tr>
<tr>
<td title='org.opends.sdk.schema.SchemaUtilsTest.testReadOIDValid()'>testReadOIDValid<br/><b>Parameters:</b> 1.0</td>
<td>0</td>
<td></td>
</tr>
<tr>
<td title='org.opends.sdk.schema.SchemaUtilsTest.testReadOIDValid()'>testReadOIDValid<br/><b>Parameters:</b> 2.0</td>
<td>0</td>
<td></td>
</tr>
<tr>
<td title='org.opends.sdk.schema.SchemaUtilsTest.testReadOIDValid()'>testReadOIDValid<br/><b>Parameters:</b> 3.0</td>
<td>0</td>
<td></td>
</tr>
<tr>
<td title='org.opends.sdk.schema.SchemaUtilsTest.testReadOIDValid()'>testReadOIDValid<br/><b>Parameters:</b> 4.0</td>
<td>0</td>
<td></td>
</tr>
<tr>
<td title='org.opends.sdk.schema.SchemaUtilsTest.testReadOIDValid()'>testReadOIDValid<br/><b>Parameters:</b> 5.0</td>
<td>0</td>
<td></td>
</tr>
<tr>
<td title='org.opends.sdk.schema.SchemaUtilsTest.testReadOIDValid()'>testReadOIDValid<br/><b>Parameters:</b> 6.0</td>
<td>0</td>
<td></td>
</tr>
<tr>
<td title='org.opends.sdk.schema.SchemaUtilsTest.testReadOIDValid()'>testReadOIDValid<br/><b>Parameters:</b> 7.0</td>
<td>0</td>
<td></td>
</tr>
<tr>
<td title='org.opends.sdk.schema.SchemaUtilsTest.testReadOIDValid()'>testReadOIDValid<br/><b>Parameters:</b> 8.0</td>
<td>0</td>
<td></td>
</tr>
<tr>
<td title='org.opends.sdk.schema.SchemaUtilsTest.testReadOIDValid()'>testReadOIDValid<br/><b>Parameters:</b> 9.0</td>
<td>0</td>
<td></td>
</tr>
<tr>
<td title='org.opends.sdk.schema.SchemaUtilsTest.testReadOIDValid()'>testReadOIDValid<br/><b>Parameters:</b> 0.1</td>
<td>0</td>
<td></td>
</tr>
<tr>
<td title='org.opends.sdk.schema.SchemaUtilsTest.testReadOIDValid()'>testReadOIDValid<br/><b>Parameters:</b> 0.2</td>
<td>0</td>
<td></td>
</tr>
<tr>
<td title='org.opends.sdk.schema.SchemaUtilsTest.testReadOIDValid()'>testReadOIDValid<br/><b>Parameters:</b> 0.3</td>
<td>0</td>
<td></td>
</tr>
<tr>
<td title='org.opends.sdk.schema.SchemaUtilsTest.testReadOIDValid()'>testReadOIDValid<br/><b>Parameters:</b> 0.4</td>
<td>0</td>
<td></td>
</tr>
<tr>
<td title='org.opends.sdk.schema.SchemaUtilsTest.testReadOIDValid()'>testReadOIDValid<br/><b>Parameters:</b> 0.5</td>
<td>0</td>
<td></td>
</tr>
<tr>
<td title='org.opends.sdk.schema.SchemaUtilsTest.testReadOIDValid()'>testReadOIDValid<br/><b>Parameters:</b> 0.6</td>
<td>0</td>
<td></td>
</tr>
<tr>
<td title='org.opends.sdk.schema.SchemaUtilsTest.testReadOIDValid()'>testReadOIDValid<br/><b>Parameters:</b> 0.7</td>
<td>0</td>
<td></td>
</tr>
<tr>
<td title='org.opends.sdk.schema.SchemaUtilsTest.testReadOIDValid()'>testReadOIDValid<br/><b>Parameters:</b> 0.8</td>
<td>0</td>
<td></td>
</tr>
<tr>
<td title='org.opends.sdk.schema.SchemaUtilsTest.testReadOIDValid()'>testReadOIDValid<br/><b>Parameters:</b> 0.9</td>
<td>0</td>
<td></td>
</tr>
<tr>
<td title='org.opends.sdk.schema.SchemaUtilsTest.testReadOIDValid()'>testReadOIDValid<br/><b>Parameters:</b> 10.0</td>
<td>0</td>
<td></td>
</tr>
<tr>
<td title='org.opends.sdk.schema.SchemaUtilsTest.testReadOIDValid()'>testReadOIDValid<br/><b>Parameters:</b> 100.0</td>
<td>0</td>
<td></td>
</tr>
<tr>
<td title='org.opends.sdk.schema.SchemaUtilsTest.testReadOIDValid()'>testReadOIDValid<br/><b>Parameters:</b> 999.0</td>
<td>0</td>
<td></td>
</tr>
<tr>
<td title='org.opends.sdk.schema.SchemaUtilsTest.testReadOIDValid()'>testReadOIDValid<br/><b>Parameters:</b> 0.100</td>
<td>0</td>
<td></td>
</tr>
<tr>
<td title='org.opends.sdk.schema.SchemaUtilsTest.testReadOIDValid()'>testReadOIDValid<br/><b>Parameters:</b> 0.999</td>
<td>0</td>
<td></td>
</tr>
<tr>
<td title='org.opends.sdk.schema.SchemaUtilsTest.testReadOIDValid()'>testReadOIDValid<br/><b>Parameters:</b> 100.100</td>
<td>0</td>
<td></td>
</tr>
<tr>
<td title='org.opends.sdk.schema.SchemaUtilsTest.testReadOIDValid()'>testReadOIDValid<br/><b>Parameters:</b> 999.999</td>
<td>0</td>
<td></td>
</tr>
<tr>
<td title='org.opends.sdk.schema.SchemaUtilsTest.testReadOIDValid()'>testReadOIDValid<br/><b>Parameters:</b> 111.22.333.44.55555.66.777.88.999</td>
<td>0</td>
<td></td>
</tr>
<tr>
<td title='org.opends.sdk.schema.SchemaUtilsTest.testReadOIDValid()'>testReadOIDValid<br/><b>Parameters:</b> a</td>
<td>0</td>
<td></td>
</tr>
<tr>
<td title='org.opends.sdk.schema.SchemaUtilsTest.testReadOIDValid()'>testReadOIDValid<br/><b>Parameters:</b> a2</td>
<td>0</td>
<td></td>
</tr>
<tr>
<td title='org.opends.sdk.schema.SchemaUtilsTest.testReadOIDValid()'>testReadOIDValid<br/><b>Parameters:</b> a-</td>
<td>0</td>
<td></td>
</tr>
<tr>
<td title='org.opends.sdk.schema.SchemaUtilsTest.testReadOIDValid()'>testReadOIDValid<br/><b>Parameters:</b> one</td>
<td>0</td>
<td></td>
</tr>
<tr>
<td title='org.opends.sdk.schema.SchemaUtilsTest.testReadOIDValid()'>testReadOIDValid<br/><b>Parameters:</b> one1</td>
<td>0</td>
<td></td>
</tr>
<tr>
<td title='org.opends.sdk.schema.SchemaUtilsTest.testReadOIDValid()'>testReadOIDValid<br/><b>Parameters:</b> one-two</td>
<td>0</td>
<td></td>
</tr>
<tr>
<td title='org.opends.sdk.schema.SchemaUtilsTest.testReadOIDValid()'>testReadOIDValid<br/><b>Parameters:</b> one1-two2-three3</td>
<td>0</td>
<td></td>
</tr>
<tr>
<td title='org.opends.sdk.schema.SchemaUtilsTest.testReadOIDValid()'>testReadOIDValid<br/><b>Parameters:</b> '0.0'</td>
<td>0</td>
<td></td>
</tr>
<tr>
<td title='org.opends.sdk.schema.SchemaUtilsTest.testReadOIDValid()'>testReadOIDValid<br/><b>Parameters:</b> '10.0'</td>
<td>0</td>
<td></td>
</tr>
<tr>
<td title='org.opends.sdk.schema.SchemaUtilsTest.testReadOIDValid()'>testReadOIDValid<br/><b>Parameters:</b> '999.0'</td>
<td>0</td>
<td></td>
</tr>
<tr>
<td title='org.opends.sdk.schema.SchemaUtilsTest.testReadOIDValid()'>testReadOIDValid<br/><b>Parameters:</b> '111.22.333.44.55555.66.777.88.999'</td>
<td>0</td>
<td></td>
</tr>
<tr>
<td title='org.opends.sdk.schema.SchemaUtilsTest.testReadOIDValid()'>testReadOIDValid<br/><b>Parameters:</b> 'a'</td>
<td>0</td>
<td></td>
</tr>
<tr>
<td title='org.opends.sdk.schema.SchemaUtilsTest.testReadOIDValid()'>testReadOIDValid<br/><b>Parameters:</b> 'a2'</td>
<td>0</td>
<td></td>
</tr>
<tr>
<td title='org.opends.sdk.schema.SchemaUtilsTest.testReadOIDValid()'>testReadOIDValid<br/><b>Parameters:</b> 'a-'</td>
<td>0</td>
<td></td>
</tr>
<tr>
<td title='org.opends.sdk.schema.SchemaUtilsTest.testReadOIDValid()'>testReadOIDValid<br/><b>Parameters:</b> 'one'</td>
<td>0</td>
<td></td>
</tr>
<tr>
<td title='org.opends.sdk.schema.SchemaUtilsTest.testReadOIDValid()'>testReadOIDValid<br/><b>Parameters:</b> 'one1'</td>
<td>0</td>
<td></td>
</tr>
<tr>
<td title='org.opends.sdk.schema.SchemaUtilsTest.testReadOIDValid()'>testReadOIDValid<br/><b>Parameters:</b> 'one-two'</td>
<td>0</td>
<td></td>
</tr>
<tr>
<td title='org.opends.sdk.schema.SchemaUtilsTest.testReadOIDValid()'>testReadOIDValid<br/><b>Parameters:</b> 'one1-two2-three3'</td>
<td>0</td>
<td></td>
</tr>
<tr>
<td title='org.opends.sdk.schema.SchemaUtilsTest.testReadOIDValid()'>testReadOIDValid<br/><b>Parameters:</b> 0</td>
<td>0</td>
<td></td>
</tr>
<tr>
<td title='org.opends.sdk.schema.SchemaUtilsTest.testReadOIDValid()'>testReadOIDValid<br/><b>Parameters:</b> 1</td>
<td>0</td>
<td></td>
</tr>
<tr>
<td title='org.opends.sdk.schema.SchemaUtilsTest.testReadOIDValid()'>testReadOIDValid<br/><b>Parameters:</b> 2</td>
<td>0</td>
<td></td>
</tr>
<tr>
<td title='org.opends.sdk.schema.SchemaUtilsTest.testReadOIDValid()'>testReadOIDValid<br/><b>Parameters:</b> 3</td>
<td>0</td>
<td></td>
</tr>
<tr>
<td title='org.opends.sdk.schema.SchemaUtilsTest.testReadOIDValid()'>testReadOIDValid<br/><b>Parameters:</b> 4</td>
<td>0</td>
<td></td>
</tr>
<tr>
<td title='org.opends.sdk.schema.SchemaUtilsTest.testReadOIDValid()'>testReadOIDValid<br/><b>Parameters:</b> 5</td>
<td>0</td>
<td></td>
</tr>
<tr>
<td title='org.opends.sdk.schema.SchemaUtilsTest.testReadOIDValid()'>testReadOIDValid<br/><b>Parameters:</b> 6</td>
<td>0</td>
<td></td>
</tr>
<tr>
<td title='org.opends.sdk.schema.SchemaUtilsTest.testReadOIDValid()'>testReadOIDValid<br/><b>Parameters:</b> 7</td>
<td>0</td>
<td></td>
</tr>
<tr>
<td title='org.opends.sdk.schema.SchemaUtilsTest.testReadOIDValid()'>testReadOIDValid<br/><b>Parameters:</b> 8</td>
<td>0</td>
<td></td>
</tr>
<tr>
<td title='org.opends.sdk.schema.SchemaUtilsTest.testReadOIDValid()'>testReadOIDValid<br/><b>Parameters:</b> 9</td>
<td>0</td>
<td></td>
</tr>
<tr>
<td title='org.opends.sdk.schema.SchemaUtilsTest.testReadOIDValid()'>testReadOIDValid<br/><b>Parameters:</b> 00</td>
<td>0</td>
<td></td>
</tr>
<tr>
<td title='org.opends.sdk.schema.SchemaUtilsTest.testReadOIDValid()'>testReadOIDValid<br/><b>Parameters:</b> 01</td>
<td>0</td>
<td></td>
</tr>
<tr>
<td title='org.opends.sdk.schema.SchemaUtilsTest.testReadOIDValid()'>testReadOIDValid<br/><b>Parameters:</b> 01.0</td>
<td>0</td>
<td></td>
</tr>
<tr>
<td title='org.opends.sdk.schema.SchemaUtilsTest.testReadOIDValid()'>testReadOIDValid<br/><b>Parameters:</b> 0.01</td>
<td>0</td>
<td></td>
</tr>
<tr>
<td title='org.opends.sdk.schema.SchemaUtilsTest.testReadOIDValid()'>testReadOIDValid<br/><b>Parameters:</b> one.two.three</td>
<td>0</td>
<td></td>
</tr>
</table><p>
</body>
</html>