<html>
<head>
<title>TestNG:  org.opends.sdk.schema.SubstitutionSyntaxTestCase</title>
<link href="../testng.css" rel="stylesheet" type="text/css" />
<link href="../my-testng.css" rel="stylesheet" type="text/css" />

<style type="text/css">
.log { display: none;} 
.stack-trace { display: none;} 
</style>
<script type="text/javascript">
<!--
function flip(e) {
  current = e.style.display;
  if (current == 'block') {
    e.style.display = 'none';
    return 0;
  }
  else {
    e.style.display = 'block';
    return 1;
  }
}

function toggleBox(szDivId, elem, msg1, msg2)
{
  var res = -1;  if (document.getElementById) {
    res = flip(document.getElementById(szDivId));
  }
  else if (document.all) {
    // this is the way old msie versions work
    res = flip(document.all[szDivId]);
  }
  if(elem) {
    if(res == 0) elem.innerHTML = msg1; else elem.innerHTML = msg2;
  }

}

function toggleAllBoxes() {
  if (document.getElementsByTagName) {
    d = document.getElementsByTagName('div');
    for (i = 0; i < d.length; i++) {
      if (d[i].className == 'log') {
        flip(d[i]);
      }
    }
  }
}

// -->
</script>

</head>
<body>
<h2 align='center'>org.opends.sdk.schema.SubstitutionSyntaxTestCase</h2><table border='1' align="center">
<tr>
<td>Tests passed/Failed/Skipped:</td><td>10/0/0</td>
</tr><tr>
<td>Started on:</td><td>Fri Jan 08 13:13:04 CET 2010</td>
</tr>
<tr><td>Total time:</td><td>0 seconds (597 ms)</td>
</tr><tr>
<td>Included groups:</td><td></td>
</tr><tr>
<td>Excluded groups:</td><td></td>
</tr>
</table><p/>
<small><i>(Hover the method name to see the test class name)</i></small><p/>
<table width='100%' border='1' class='invocation-passed'>
<tr><td colspan='3' align='center'><b>PASSED TESTS</b></td></tr>
<tr><td><b>Test method</b></td>
<td width="10%"><b>Time (seconds)</b></td>
<td width="30%"><b>Exception</b></td>
</tr>
<tr>
<td title='org.opends.sdk.schema.SubstitutionSyntaxTestCase.testAcceptableValues()'>testAcceptableValues<br/><b>Parameters:</b> 12345678, true</td>
<td>0</td>
<td></td>
</tr>
<tr>
<td title='org.opends.sdk.schema.SubstitutionSyntaxTestCase.testAcceptableValues()'>testAcceptableValues<br/><b>Parameters:</b> 12345678â…£, false</td>
<td>0</td>
<td></td>
</tr>
<tr>
<td title='org.opends.sdk.schema.SubstitutionSyntaxTestCase.testSelfSubstitute1()'>testSelfSubstitute1</td>
<td>0</td>
<td></td>
</tr>
<tr>
<td title='org.opends.sdk.schema.SubstitutionSyntaxTestCase.testSelfSubstitute2()'>testSelfSubstitute2</td>
<td>0</td>
<td></td>
</tr>
<tr>
<td title='org.opends.sdk.schema.SubstitutionSyntaxTestCase.testSubstituteCore1()'>testSubstituteCore1</td>
<td>0</td>
<td><div><pre>org.opends.sdk.schema.ConflictingSchemaElementException: Unable to register attribute syntax ( 1.3.6.1.4.1.1466.115.121.1.26  DESC 'Replacing DirectorySyntax'   X-SUBST '9.9.9' ) with the server schema because its OID 1.3.6.1.4.1.1466.115.121.1.26 conflicts with the OID of an existing syntax 1.3.6.1.4.1.1466.115.121.1.26
	at org.opends.sdk.schema.SchemaBuilder.addSyntax(SchemaBuilder.java:2597)
	at org.opends.sdk.schema.SchemaBuilder.addSyntax(SchemaBuilder.java:2043)
	at org.opends.sdk.schema.SubstitutionSyntaxTestCase.testSubstituteCore1(SubstitutionSyntaxTestCase.java:124)
... Removed 22 stack frames</pre></div><a href='#' onClick='toggleBox("stack-trace4677928", this, "Click to show all stack frames", "Click to hide stack frames")'>Click to show all stack frames</a>
<div class='stack-trace' id='stack-trace4677928'><pre>org.opends.sdk.schema.ConflictingSchemaElementException: Unable to register attribute syntax ( 1.3.6.1.4.1.1466.115.121.1.26  DESC 'Replacing DirectorySyntax'   X-SUBST '9.9.9' ) with the server schema because its OID 1.3.6.1.4.1.1466.115.121.1.26 conflicts with the OID of an existing syntax 1.3.6.1.4.1.1466.115.121.1.26
	at org.opends.sdk.schema.SchemaBuilder.addSyntax(SchemaBuilder.java:2597)
	at org.opends.sdk.schema.SchemaBuilder.addSyntax(SchemaBuilder.java:2043)
	at org.opends.sdk.schema.SubstitutionSyntaxTestCase.testSubstituteCore1(SubstitutionSyntaxTestCase.java:124)
	at sun.reflect.NativeMethodAccessorImpl.invoke0(Native Method)
	at sun.reflect.NativeMethodAccessorImpl.invoke(NativeMethodAccessorImpl.java:39)
	at sun.reflect.DelegatingMethodAccessorImpl.invoke(DelegatingMethodAccessorImpl.java:25)
	at java.lang.reflect.Method.invoke(Method.java:597)
	at org.testng.internal.MethodHelper.invokeMethod(MethodHelper.java:607)
	at org.testng.internal.Invoker.invokeMethod(Invoker.java:517)
	at org.testng.internal.Invoker.invokeTestMethod(Invoker.java:669)
	at org.testng.internal.Invoker.invokeTestMethods(Invoker.java:956)
	at org.testng.internal.TestMethodWorker.invokeTestMethods(TestMethodWorker.java:126)
	at org.testng.internal.TestMethodWorker.run(TestMethodWorker.java:110)
	at org.testng.TestRunner.runWorkers(TestRunner.java:759)
	at org.testng.TestRunner.privateRun(TestRunner.java:592)
	at org.testng.TestRunner.run(TestRunner.java:486)
	at org.testng.SuiteRunner.runTest(SuiteRunner.java:332)
	at org.testng.SuiteRunner.runSequentially(SuiteRunner.java:327)
	at org.testng.SuiteRunner.privateRun(SuiteRunner.java:299)
	at org.testng.SuiteRunner.run(SuiteRunner.java:204)
	at org.testng.TestNG.createAndRunSuiteRunners(TestNG.java:877)
	at org.testng.TestNG.runSuitesLocally(TestNG.java:842)
	at org.testng.TestNG.run(TestNG.java:751)
	at org.testng.remote.RemoteTestNG.run(RemoteTestNG.java:73)
	at org.testng.remote.RemoteTestNG.main(RemoteTestNG.java:124)
</pre></div></td>
</tr>
<tr>
<td title='org.opends.sdk.schema.SubstitutionSyntaxTestCase.testSubstituteCore1Override()'>testSubstituteCore1Override</td>
<td>0</td>
<td></td>
</tr>
<tr>
<td title='org.opends.sdk.schema.SubstitutionSyntaxTestCase.testSubstituteCore2()'>testSubstituteCore2</td>
<td>0</td>
<td><div><pre>org.opends.sdk.schema.ConflictingSchemaElementException: Unable to register attribute syntax ( 1.3.6.1.4.1.1466.115.121.1.26 DESC 'Replacing DirectorySyntax' X-SUBST '9.9.9' ) with the server schema because its OID 1.3.6.1.4.1.1466.115.121.1.26 conflicts with the OID of an existing syntax 1.3.6.1.4.1.1466.115.121.1.26
	at org.opends.sdk.schema.SchemaBuilder.addSyntax(SchemaBuilder.java:2597)
	at org.opends.sdk.schema.SchemaBuilder.addSubstitutionSyntax(SchemaBuilder.java:1908)
	at org.opends.sdk.schema.SubstitutionSyntaxTestCase.testSubstituteCore2(SubstitutionSyntaxTestCase.java:136)
... Removed 22 stack frames</pre></div><a href='#' onClick='toggleBox("stack-trace20785379", this, "Click to show all stack frames", "Click to hide stack frames")'>Click to show all stack frames</a>
<div class='stack-trace' id='stack-trace20785379'><pre>org.opends.sdk.schema.ConflictingSchemaElementException: Unable to register attribute syntax ( 1.3.6.1.4.1.1466.115.121.1.26 DESC 'Replacing DirectorySyntax' X-SUBST '9.9.9' ) with the server schema because its OID 1.3.6.1.4.1.1466.115.121.1.26 conflicts with the OID of an existing syntax 1.3.6.1.4.1.1466.115.121.1.26
	at org.opends.sdk.schema.SchemaBuilder.addSyntax(SchemaBuilder.java:2597)
	at org.opends.sdk.schema.SchemaBuilder.addSubstitutionSyntax(SchemaBuilder.java:1908)
	at org.opends.sdk.schema.SubstitutionSyntaxTestCase.testSubstituteCore2(SubstitutionSyntaxTestCase.java:136)
	at sun.reflect.NativeMethodAccessorImpl.invoke0(Native Method)
	at sun.reflect.NativeMethodAccessorImpl.invoke(NativeMethodAccessorImpl.java:39)
	at sun.reflect.DelegatingMethodAccessorImpl.invoke(DelegatingMethodAccessorImpl.java:25)
	at java.lang.reflect.Method.invoke(Method.java:597)
	at org.testng.internal.MethodHelper.invokeMethod(MethodHelper.java:607)
	at org.testng.internal.Invoker.invokeMethod(Invoker.java:517)
	at org.testng.internal.Invoker.invokeTestMethod(Invoker.java:669)
	at org.testng.internal.Invoker.invokeTestMethods(Invoker.java:956)
	at org.testng.internal.TestMethodWorker.invokeTestMethods(TestMethodWorker.java:126)
	at org.testng.internal.TestMethodWorker.run(TestMethodWorker.java:110)
	at org.testng.TestRunner.runWorkers(TestRunner.java:759)
	at org.testng.TestRunner.privateRun(TestRunner.java:592)
	at org.testng.TestRunner.run(TestRunner.java:486)
	at org.testng.SuiteRunner.runTest(SuiteRunner.java:332)
	at org.testng.SuiteRunner.runSequentially(SuiteRunner.java:327)
	at org.testng.SuiteRunner.privateRun(SuiteRunner.java:299)
	at org.testng.SuiteRunner.run(SuiteRunner.java:204)
	at org.testng.TestNG.createAndRunSuiteRunners(TestNG.java:877)
	at org.testng.TestNG.runSuitesLocally(TestNG.java:842)
	at org.testng.TestNG.run(TestNG.java:751)
	at org.testng.remote.RemoteTestNG.run(RemoteTestNG.java:73)
	at org.testng.remote.RemoteTestNG.main(RemoteTestNG.java:124)
</pre></div></td>
</tr>
<tr>
<td title='org.opends.sdk.schema.SubstitutionSyntaxTestCase.testSubstituteCore2Override()'>testSubstituteCore2Override</td>
<td>0</td>
<td></td>
</tr>
<tr>
<td title='org.opends.sdk.schema.SubstitutionSyntaxTestCase.testUndefinedSubstitute1()'>testUndefinedSubstitute1</td>
<td>0</td>
<td></td>
</tr>
<tr>
<td title='org.opends.sdk.schema.SubstitutionSyntaxTestCase.testUndefinedSubstitute2()'>testUndefinedSubstitute2</td>
<td>0</td>
<td></td>
</tr>
</table><p>
</body>
</html>